<?xml version="1.0" encoding="UTF-8"?>
<testsuite xmlns:xsi="http://www.w3.org/2001/XMLSchema-instance" xsi:noNamespaceSchemaLocation="https://maven.apache.org/surefire/maven-surefire-plugin/xsd/surefire-test-report.xsd" name="at.ac.fhsalzburg.bde.app.SpotifyKafkaTest" time="6.409" tests="5" errors="0" skipped="0" failures="0">
  <properties>
[...]
</properties>
  <testcase name="testProducerApp" classname="at.ac.fhsalzburg.bde.app.SpotifyKafkaTest" time="1.889"/>
  <testcase name="testConsumer" classname="at.ac.fhsalzburg.bde.app.SpotifyKafkaTest" time="4.022"/>
  <testcase name="testArtistsProducerApp" classname="at.ac.fhsalzburg.bde.app.SpotifyKafkaTest" time="0.487"/>
  <testcase name="testIsNullPickValue" classname="at.ac.fhsalzburg.bde.app.SpotifyKafkaTest" time="0.002"/>
  <testcase name="testIsNull" classname="at.ac.fhsalzburg.bde.app.SpotifyKafkaTest" time="0"/>
</testsuite>